2018-02-02 15:33:25,658 [Thread-2:3328] [blog.views:12] [views:index] [ERROR]- [Errno 2] No such file or directory: 'a.txt'
2018-02-02 16:14:12,354 [Thread-2:2088] [blog.views:20] [views:index] [ERROR]- [Errno 2] No such file or directory: 'a.txt'
2018-02-02 16:15:07,575 [Thread-2:7880] [blog.views:20] [views:index] [ERROR]- [Errno 2] No such file or directory: 'a.txt'
2018-02-02 16:15:40,157 [Thread-2:9488] [blog.views:20] [views:index] [ERROR]- [Errno 2] No such file or directory: 'a.txt'
2018-02-02 16:16:14,703 [Thread-2:9780] [blog.views:21] [views:index] [ERROR]- [Errno 2] No such file or directory: 'a.txt'
2018-02-02 16:16:17,617 [Thread-12:6348] [blog.views:21] [views:index] [ERROR]- [Errno 2] No such file or directory: 'a.txt'
2018-02-02 16:16:19,447 [Thread-22:10824] [blog.views:21] [views:index] [ERROR]- [Errno 2] No such file or directory: 'a.txt'
2018-02-02 16:16:37,849 [Thread-2:4328] [blog.views:21] [views:index] [ERROR]- [Errno 2] No such file or directory: 'a.txt'
2018-02-12 15:01:32,349 [Thread-3:2828] [blog.views:21] [views:index] [ERROR]- [Errno 2] No such file or directory: 'a.txt'
2018-02-12 15:04:39,148 [Thread-70:7680] [blog.views:21] [views:index] [ERROR]- [Errno 2] No such file or directory: 'a.txt'
2018-02-12 17:00:39,358 [Thread-89:12036] [blog.views:21] [views:index] [ERROR]- [Errno 2] No such file or directory: 'a.txt'
2018-02-12 17:51:22,384 [Thread-2:12364] [blog.views:21] [views:index] [ERROR]- [Errno 2] No such file or directory: 'a.txt'
2018-02-12 17:58:44,183 [Thread-2:5564] [blog.views:21] [views:index] [ERROR]- [Errno 2] No such file or directory: 'a.txt'
2018-02-13 12:32:39,427 [Thread-8:9304] [blog.upload:39] [upload:upload_image] [INFO]- 微信图片_20180115201624.png
2018-02-13 12:32:39,446 [Thread-8:9304] [blog.upload:40] [upload:upload_image] [INFO]- <class 'django.core.files.uploadedfile.InMemoryUploadedFile'>
2018-02-13 12:34:15,832 [Thread-2:12036] [blog.upload:39] [upload:upload_image] [INFO]- 微信图片_20180115201624.png
2018-02-13 12:34:15,832 [Thread-2:12036] [blog.upload:40] [upload:upload_image] [INFO]- <class 'django.core.files.uploadedfile.InMemoryUploadedFile'>
2018-02-13 12:35:54,608 [Thread-2:4156] [blog.upload:39] [upload:upload_image] [INFO]- 微信图片_20180115201624.png
2018-02-13 12:35:54,608 [Thread-2:4156] [blog.upload:40] [upload:upload_image] [INFO]- <class 'django.core.files.uploadedfile.InMemoryUploadedFile'>
2018-02-13 12:36:39,256 [Thread-2:3156] [blog.upload:39] [upload:upload_image] [INFO]- 微信图片_20180115201624.png
2018-02-13 12:36:39,256 [Thread-2:3156] [blog.upload:40] [upload:upload_image] [INFO]- <class 'django.core.files.uploadedfile.InMemoryUploadedFile'>
2018-02-13 12:42:14,302 [Thread-2:6096] [blog.upload:39] [upload:upload_image] [ERROR]- 微信图片_20180115201624.png
2018-02-13 12:42:14,302 [Thread-2:6096] [blog.upload:40] [upload:upload_image] [ERROR]- <class 'django.core.files.uploadedfile.InMemoryUploadedFile'>
2018-02-13 12:42:14,302 [Thread-2:6096] [blog.upload:53] [upload:upload_generation_dir] [ERROR]- kindeditor/2018/2/13/
2018-02-13 12:44:09,826 [Thread-4:11176] [blog.upload:39] [upload:upload_image] [ERROR]- 微信图片_20180130150324.jpg
2018-02-13 12:44:09,826 [Thread-4:11176] [blog.upload:40] [upload:upload_image] [ERROR]- <class 'django.core.files.uploadedfile.InMemoryUploadedFile'>
2018-02-13 12:44:09,826 [Thread-4:11176] [blog.upload:53] [upload:upload_generation_dir] [ERROR]- kindeditor/2018/2/13/
2018-02-13 14:47:04,651 [Thread-2:5508] [blog.upload:39] [upload:upload_image] [ERROR]- 微信图片_20180115201624.png
2018-02-13 14:47:04,658 [Thread-2:5508] [blog.upload:40] [upload:upload_image] [ERROR]- <class 'django.core.files.uploadedfile.InMemoryUploadedFile'>
2018-02-13 14:47:04,658 [Thread-2:5508] [blog.upload:53] [upload:upload_generation_dir] [ERROR]- kindeditor/2018/2/13/
2018-02-13 15:34:03,513 [Thread-2:7420] [blog.views:21] [views:index] [ERROR]- [Errno 2] No such file or directory: 'a.txt'
2018-02-13 15:37:16,174 [Thread-20:12468] [blog.views:21] [views:index] [ERROR]- [Errno 2] No such file or directory: 'a.txt'
2018-02-13 15:52:42,648 [Thread-3:10540] [blog.views:22] [views:index] [ERROR]- [Errno 2] No such file or directory: 'a.txt'
2018-02-13 15:56:01,075 [Thread-26:8460] [blog.views:22] [views:index] [ERROR]- [Errno 2] No such file or directory: 'a.txt'
2018-02-13 15:57:58,059 [Thread-2:7948] [blog.views:22] [views:index] [ERROR]- [Errno 2] No such file or directory: 'a.txt'
2018-02-13 15:58:50,088 [Thread-8:10956] [blog.views:22] [views:index] [ERROR]- [Errno 2] No such file or directory: 'a.txt'
2018-02-22 11:02:54,115 [Thread-2:2264] [blog.views:60] [views:archive] [ERROR]- Cannot resolve keyword 'date_publish_icontains' into field. Choices are: category, category_id, click_count, comment, content, date_publish, desc, id, is_recommend, tag, title, user, user_id
2018-02-22 11:30:21,680 [Thread-8:11776] [blog.views:60] [views:archive] [ERROR]- Cannot resolve keyword 'date_publish_icontains' into field. Choices are: category, category_id, click_count, comment, content, date_publish, desc, id, is_recommend, tag, title, user, user_id
2018-02-22 11:34:48,315 [Thread-22:7400] [blog.views:60] [views:archive] [ERROR]- Cannot resolve keyword 'date_publish_icontains' into field. Choices are: category, category_id, click_count, comment, content, date_publish, desc, id, is_recommend, tag, title, user, user_id
2018-02-22 11:44:13,420 [Thread-4:11716] [blog.views:60] [views:archive] [ERROR]- Cannot resolve keyword 'date_publish_icontains' into field. Choices are: category, category_id, click_count, comment, content, date_publish, desc, id, is_recommend, tag, title, user, user_id
2018-02-22 11:44:39,914 [Thread-6:8788] [blog.views:60] [views:archive] [ERROR]- Cannot resolve keyword 'date_publish_icontains' into field. Choices are: category, category_id, click_count, comment, content, date_publish, desc, id, is_recommend, tag, title, user, user_id
2018-02-22 11:44:45,608 [Thread-8:7688] [blog.views:60] [views:archive] [ERROR]- Cannot resolve keyword 'date_publish_icontains' into field. Choices are: category, category_id, click_count, comment, content, date_publish, desc, id, is_recommend, tag, title, user, user_id
2018-02-22 11:46:42,558 [Thread-8:5172] [blog.views:62] [views:archive] [ERROR]- Cannot resolve keyword 'date_publish_icontains' into field. Choices are: category, category_id, click_count, comment, content, date_publish, desc, id, is_recommend, tag, title, user, user_id
2018-02-22 12:42:30,206 [Thread-3:12828] [blog.views:62] [views:archive] [ERROR]- Cannot resolve keyword 'date_publish_icontains' into field. Choices are: category, category_id, click_count, comment, content, date_publish, desc, id, is_recommend, tag, title, user, user_id
2018-02-22 12:46:59,585 [Thread-3:8580] [blog.views:63] [views:archive] [ERROR]- Cannot resolve keyword 'date_publish_icontains' into field. Choices are: category, category_id, click_count, comment, content, date_publish, desc, id, is_recommend, tag, title, user, user_id
2018-02-22 12:47:19,369 [Thread-6:12752] [blog.views:63] [views:archive] [ERROR]- Cannot resolve keyword 'date_publish_icontains' into field. Choices are: category, category_id, click_count, comment, content, date_publish, desc, id, is_recommend, tag, title, user, user_id
2018-02-22 12:48:32,470 [Thread-2:12240] [blog.views:53] [views:archive] [ERROR]- Cannot resolve keyword 'date_publish_icontains' into field. Choices are: category, category_id, click_count, comment, content, date_publish, desc, id, is_recommend, tag, title, user, user_id
2018-02-22 12:50:44,788 [Thread-2:4112] [blog.views:53] [views:archive] [ERROR]- Cannot resolve keyword 'date_publish_icontains' into field. Choices are: category, category_id, click_count, comment, content, date_publish, desc, id, is_recommend, tag, title, user, user_id
2018-02-22 12:52:04,286 [Thread-3:2708] [blog.views:53] [views:archive] [ERROR]- Cannot resolve keyword 'date_publish_icontains' into field. Choices are: category, category_id, click_count, comment, content, date_publish, desc, id, is_recommend, tag, title, user, user_id
2018-02-22 14:33:14,049 [Thread-2:7624] [blog.views:38] [views:index] [ERROR]- cannot concatenate 'str' and 'datetime.datetime' objects
2018-02-22 14:34:13,142 [Thread-5:9332] [blog.views:38] [views:index] [ERROR]- cannot concatenate 'str' and 'datetime.datetime' objects
2018-02-22 14:34:34,727 [Thread-7:6968] [blog.views:38] [views:index] [ERROR]- cannot concatenate 'str' and 'datetime.datetime' objects
2018-02-22 14:34:47,094 [Thread-9:10520] [blog.views:38] [views:index] [ERROR]- cannot concatenate 'str' and 'datetime.datetime' objects
2018-02-22 14:36:59,980 [Thread-16:212] [blog.views:38] [views:index] [ERROR]- cannot concatenate 'str' and 'datetime.datetime' objects
2018-02-22 14:37:42,647 [Thread-32:1992] [blog.views:38] [views:index] [ERROR]- cannot concatenate 'str' and 'datetime.datetime' objects
2018-02-22 14:39:38,921 [Thread-8:8] [blog.views:38] [views:index] [ERROR]- cannot concatenate 'str' and 'datetime.datetime' objects
2018-02-22 14:39:57,358 [Thread-15:6456] [blog.views:38] [views:index] [ERROR]- cannot concatenate 'str' and 'datetime.datetime' objects
2018-02-22 14:42:07,779 [Thread-2:6564] [blog.views:38] [views:index] [ERROR]- cannot concatenate 'str' and 'datetime.datetime' objects
2018-02-22 14:42:19,888 [Thread-8:4892] [blog.views:38] [views:index] [ERROR]- cannot concatenate 'str' and 'datetime.datetime' objects
2018-02-22 14:43:08,542 [Thread-14:7520] [blog.views:38] [views:index] [ERROR]- cannot concatenate 'str' and 'datetime.datetime' objects
2018-02-22 14:43:25,582 [Thread-20:5816] [blog.views:38] [views:index] [ERROR]- cannot concatenate 'str' and 'datetime.datetime' objects
2018-02-22 14:43:40,368 [Thread-36:9260] [blog.views:38] [views:index] [ERROR]- cannot concatenate 'str' and 'datetime.datetime' objects
2018-02-22 14:45:49,966 [Thread-2:9128] [blog.views:38] [views:index] [ERROR]- cannot concatenate 'str' and 'datetime.datetime' objects
2018-02-22 15:35:04,773 [Thread-2:5108] [blog.views:33] [views:index] [ERROR]- getPage() takes exactly 2 arguments (1 given)
2018-02-22 15:37:19,230 [Thread-2:5620] [blog.views:33] [views:index] [ERROR]- getPage() takes exactly 2 arguments (1 given)
